<?xml version="1.0" encoding="UTF-8"?>
<!-- Generated by org.testng.reporters.JUnitXMLReporter -->
<testsuite ignored="0" hostname="DESKTOP-ET3V8KL" failures="0" tests="5" name="Test" time="0.994" errors="0" timestamp="16 Jul 2020 11:15:46 GMT">
  <testcase classname="com.DataProvidersOfTestng.Dataprovider" name="m1" time="0.013"/>
  <testcase classname="com.DataProvidersOfTestng.Dataprovider" name="m1" time="0.012"/>
  <testcase classname="com.DataProvidersOfTestng.Dataprovider" name="m1" time="0.003"/>
  <testcase classname="com.DataProvidersOfTestng.Dataprovider" name="m1" time="0.003"/>
  <testcase classname="com.DataProvidersOfTestng.Dataprovider" name="m1" time="0.005"/>
</testsuite> <!-- Test -->
